c:\users\savwub\source\repos\2 sem lab 11 zadacha 2\debug\vc142.pdb
c:\users\savwub\source\repos\2 sem lab 11 zadacha 2\debug\vc142.idb
c:\users\savwub\source\repos\2 sem lab 11 zadacha 2\debug\zadacha 2 main.obj
c:\users\savwub\source\repos\2 sem lab 11 zadacha 2\debug\time.obj
c:\users\savwub\documents\github\labs_pstu\11 последовательные контейнеры библиотеки stl zadacha 2\debug\vc142.pdb
c:\users\savwub\documents\github\labs_pstu\11 последовательные контейнеры библиотеки stl zadacha 2\debug\vc142.idb
c:\users\savwub\documents\github\labs_pstu\11 последовательные контейнеры библиотеки stl zadacha 2\debug\zadacha 2 main.obj
c:\users\savwub\documents\github\labs_pstu\11 последовательные контейнеры библиотеки stl zadacha 2\debug\time.obj
c:\users\savwub\source\repos\2 sem lab 11 1 — копия\debug\2 sem lab 11 zadacha 2.exe
c:\users\savwub\source\repos\2 sem lab 11 1 — копия\debug\2 sem lab 11 zadacha 2.ilk
c:\users\savwub\source\repos\2 sem lab 11 1 — копия\debug\2 sem lab 11 zadacha 2.pdb
c:\users\savwub\documents\github\labs_pstu\11 последовательные контейнеры библиотеки stl zadacha 1\debug\2 sem lab 11 zadacha 2.exe
c:\users\savwub\documents\github\labs_pstu\11 последовательные контейнеры библиотеки stl zadacha 1\debug\2 sem lab 11 zadacha 2.ilk
c:\users\savwub\documents\github\labs_pstu\11 последовательные контейнеры библиотеки stl zadacha 1\debug\2 sem lab 11 zadacha 2.pdb
c:\users\savwub\documents\github\labs_pstu\11 последовательные контейнеры библиотеки stl zadacha 2\debug\2 sem la.30fbd479.tlog\cl.command.1.tlog
c:\users\savwub\documents\github\labs_pstu\11 последовательные контейнеры библиотеки stl zadacha 2\debug\2 sem la.30fbd479.tlog\cl.read.1.tlog
c:\users\savwub\documents\github\labs_pstu\11 последовательные контейнеры библиотеки stl zadacha 2\debug\2 sem la.30fbd479.tlog\cl.write.1.tlog
c:\users\savwub\documents\github\labs_pstu\11 последовательные контейнеры библиотеки stl zadacha 2\debug\2 sem la.30fbd479.tlog\link.command.1.tlog
c:\users\savwub\documents\github\labs_pstu\11 последовательные контейнеры библиотеки stl zadacha 2\debug\2 sem la.30fbd479.tlog\link.read.1.tlog
c:\users\savwub\documents\github\labs_pstu\11 последовательные контейнеры библиотеки stl zadacha 2\debug\2 sem la.30fbd479.tlog\link.write.1.tlog
