c:\users\savwub\source\repos\2 sem lab 15 n\debug\vc142.pdb
c:\users\savwub\source\repos\2 sem lab 15 n\debug\vc142.idb
c:\users\savwub\source\repos\2 sem lab 15 n\debug\lab15.obj
c:\users\savwub\source\repos\2 sem lab 15 n\debug\person.obj
c:\users\savwub\source\repos\2 sem lab 15 n\debug\hash.obj
c:\users\savwub\documents\github\labs_pstu\15 хэш таблица\debug\vc142.pdb
c:\users\savwub\documents\github\labs_pstu\15 хэш таблица\debug\vc142.idb
c:\users\savwub\documents\github\labs_pstu\15 хэш таблица\debug\person.obj
c:\users\savwub\documents\github\labs_pstu\15 хэш таблица\debug\lab15.obj
c:\users\savwub\documents\github\labs_pstu\15 хэш таблица\debug\hash.obj
c:\users\savwub\source\repos\2 sem lab 15 n\debug\2 sem lab 15 n.exe
c:\users\savwub\source\repos\2 sem lab 15 n\debug\2 sem lab 15 n.ilk
c:\users\savwub\source\repos\2 sem lab 15 n\debug\2 sem lab 15 n.pdb
c:\users\savwub\documents\github\labs_pstu\15 хэш таблица\debug\2 sem lab 15 n.exe
c:\users\savwub\documents\github\labs_pstu\15 хэш таблица\debug\2 sem lab 15 n.ilk
c:\users\savwub\documents\github\labs_pstu\15 хэш таблица\debug\2 sem lab 15 n.pdb
c:\users\savwub\documents\github\labs_pstu\15 хэш таблица\debug\2 sem lab 15 n.tlog\cl.command.1.tlog
c:\users\savwub\documents\github\labs_pstu\15 хэш таблица\debug\2 sem lab 15 n.tlog\cl.read.1.tlog
c:\users\savwub\documents\github\labs_pstu\15 хэш таблица\debug\2 sem lab 15 n.tlog\cl.write.1.tlog
c:\users\savwub\documents\github\labs_pstu\15 хэш таблица\debug\2 sem lab 15 n.tlog\link.command.1.tlog
c:\users\savwub\documents\github\labs_pstu\15 хэш таблица\debug\2 sem lab 15 n.tlog\link.read.1.tlog
c:\users\savwub\documents\github\labs_pstu\15 хэш таблица\debug\2 sem lab 15 n.tlog\link.write.1.tlog
